<?xml version="1.0" encoding="UTF-8"?>
<testsuite name="com.reliquias.software.runners.CompraExitosaRunner" tests="1" skipped="0" failures="0" errors="0" timestamp="2024-02-20T03:36:41" hostname="SEBAS" time="60.452">
  <properties/>
  <testcase name="Realizar una compra exitosa E2E" classname="com.reliquias.software.runners.CompraExitosaRunner" time="60.452"/>
  <system-out><![CDATA[22:36:41.300 [Test worker] INFO  i.c.core.plugin.SerenityReporter - Running feature from file:///C:/Users/Sebas/Documents/Sofka%202/AutomatizacionScreenPlay/serenity-bdd-base-automation/src/test/resources/features/compra_exitosa.feature
22:36:41.781 [Test worker] INFO   - 

-------------------------------------------------------------------------------------
     _______. _______ .______       _______ .__   __.  __  .___________.____    ____ 
    /       ||   ____||   _  \     |   ____||  \ |  | |  | |           |\   \  /   / 
   |   (----`|  |__   |  |_)  |    |  |__   |   \|  | |  | `---|  |----` \   \/   /  
    \   \    |   __|  |      /     |   __|  |  . `  | |  |     |  |       \_    _/   
.----)   |   |  |____ |  |\  \----.|  |____ |  |\   | |  |     |  |         |  |     
|_______/    |_______|| _| `._____||_______||__| \__| |__|     |__|         |__|    
                                                                                     
 News and tutorials at http://www.serenity-bdd.info                                  
 Documentation at https://wakaleo.gitbooks.io/the-serenity-book/content/             
 Join the Serenity Community on Gitter: https://gitter.im/serenity-bdd/serenity-core 
 Serenity BDD Support and Training at http://serenity-bdd.info/#/trainingandsupport  
-------------------------------------------------------------------------------------

22:36:41.789 [Test worker] INFO   - Test Suite Started: Como Analista de calidad quiero automatizar una prueba E2E de un flujo de compra en la página https://www.saucedemo.com/
22:36:41.955 [Test worker] INFO  i.c.core.plugin.SerenityReporter - Running feature from file:///C:/Users/Sebas/Documents/Sofka%202/AutomatizacionScreenPlay/serenity-bdd-base-automation/src/test/resources/features/compra_exitosa.feature
22:36:41.970 [Test worker] INFO   - Test Suite Started: Como Analista de calidad quiero automatizar una prueba E2E de un flujo de compra en la página https://www.saucedemo.com/

Escenario: Realizar una compra exitosa E2E                                               ?[90m# src/test/resources/features/compra_exitosa.feature:8?[0m
22:36:42.302 [Test worker] INFO  i.c.core.plugin.SerenityReporter - Running feature from file:///C:/Users/Sebas/Documents/Sofka%202/AutomatizacionScreenPlay/serenity-bdd-base-automation/src/test/resources/features/compra_exitosa.feature
22:36:42.359 [Test worker] INFO   - 
  _____   ___   ___   _____     ___   _____     _     ___   _____   ___   ___  
 |_   _| | __| / __| |_   _|   / __| |_   _|   /_\   | _ \ |_   _| | __| |   \ 
   | |   | _|  \__ \   | |     \__ \   | |    / _ \  |   /   | |   | _|  | |) |
   |_|   |___| |___/   |_|     |___/   |_|   /_/ \_\ |_|_\   |_|   |___| |___/ 

Realizar una compra exitosa E2E(como-analista-de-calidad-quiero-automatizar-una-prueba-e2e-de-un-flujo-de-compra-en-la-página-https://www.saucedemo.com/;realizar-una-compra-exitosa-e2e)
--------------------------------------------------------------------------------
22:36:43.605 [Test worker] INFO  n.s.c.w.d.DriverProvider - Using automatically driver download
22:36:44.537 [Test worker] INFO  i.g.bonigarcia.wdm.WebDriverManager - Using msedgedriver 121.0.2277.128 (resolved driver for Edge 121)
22:36:44.593 [Test worker] INFO  i.g.bonigarcia.wdm.WebDriverManager - Exporting webdriver.edge.driver as C:\Users\Sebas\.cache\selenium\msedgedriver\win64\121.0.2277.128\msedgedriver.exe
  ?[32mDado ?[0m?[32m?[0m?[32m?[1mpepito?[0m?[32m navega en la pagina saucedemo e ingresa con sus credenciales correctamente?[0m ?[90m# com.reliquias.software.stepdefinitions.CompraExitosaStepDefinition.pepitoNavegaEnLaPaginaSaucedemoEIngresaConSusCredencialesCorrectamente(net.serenitybdd.screenplay.Actor)?[0m
  ?[32mCuando ?[0m?[32mse realiza el proceso de una compra exitosa?[0m                                     ?[90m# com.reliquias.software.stepdefinitions.CompraExitosaStepDefinition.seRealizaElProcesoDeUnaCompraExitosa()?[0m
  ?[32mEntonces ?[0m?[32mdeberia ver el mensaje THANK YOU FOR YOUR ORDER?[0m                               ?[90m# com.reliquias.software.stepdefinitions.CompraExitosaStepDefinition.deberiaVerElMensajeTHANKYOUFORYOURORDER()?[0m
22:37:38.686 [Test worker] INFO   - 
  _____   ___   ___   _____     ___     _     ___   ___   ___   ___  
 |_   _| | __| / __| |_   _|   | _ \   /_\   / __| / __| | __| |   \ 
   | |   | _|  \__ \   | |     |  _/  / _ \  \__ \ \__ \ | _|  | |) |
   |_|   |___| |___/   |_|     |_|   /_/ \_\ |___/ |___/ |___| |___/ 

Realizar una compra exitosa E2E
----------------------------------------------------------------------
22:37:41.834 [AsyncHttpClient-1-4] WARN  o.a.netty.handler.WebSocketHandler - onError
java.net.SocketException: Connection reset
	at java.base/sun.nio.ch.SocketChannelImpl.throwConnectionReset(SocketChannelImpl.java:394)
	at java.base/sun.nio.ch.SocketChannelImpl.read(SocketChannelImpl.java:426)
	at io.netty.buffer.PooledByteBuf.setBytes(PooledByteBuf.java:258)
	at io.netty.buffer.AbstractByteBuf.writeBytes(AbstractByteBuf.java:1132)
	at io.netty.channel.socket.nio.NioSocketChannel.doReadBytes(NioSocketChannel.java:357)
	at io.netty.channel.nio.AbstractNioByteChannel$NioByteUnsafe.read(AbstractNioByteChannel.java:151)
	at io.netty.channel.nio.NioEventLoop.processSelectedKey(NioEventLoop.java:722)
	at io.netty.channel.nio.NioEventLoop.processSelectedKeysOptimized(NioEventLoop.java:658)
	at io.netty.channel.nio.NioEventLoop.processSelectedKeys(NioEventLoop.java:584)
	at io.netty.channel.nio.NioEventLoop.run(NioEventLoop.java:496)
	at io.netty.util.concurrent.SingleThreadEventExecutor$4.run(SingleThreadEventExecutor.java:997)
	at io.netty.util.internal.ThreadExecutorMap$2.run(ThreadExecutorMap.java:74)
	at io.netty.util.concurrent.FastThreadLocalRunnable.run(FastThreadLocalRunnable.java:30)
	at java.base/java.lang.Thread.run(Thread.java:833)
]]></system-out>
  <system-err><![CDATA[?[32m?[1m??????????????????????????????????????????????????????????????????????????????????????[0m
?[32m?[1m??[0m Share your Cucumber Report with your team at ?[36m?[1m?[4mhttps://reports.cucumber.io?[0m          ?[32m?[1m??[0m
?[32m?[1m??[0m Activate publishing with one of the following:                                    ?[32m?[1m??[0m
?[32m?[1m??[0m                                                                                   ?[32m?[1m??[0m
?[32m?[1m??[0m src/test/resources/cucumber.properties:          ?[36mcucumber.publish.enabled?[0m=?[36mtrue?[0m    ?[32m?[1m??[0m
?[32m?[1m??[0m src/test/resources/junit-platform.properties:    ?[36mcucumber.publish.enabled?[0m=?[36mtrue?[0m    ?[32m?[1m??[0m
?[32m?[1m??[0m Environment variable:                            ?[36mCUCUMBER_PUBLISH_ENABLED?[0m=?[36mtrue?[0m    ?[32m?[1m??[0m
?[32m?[1m??[0m JUnit:                                           ?[36m@CucumberOptions?[0m(publish = ?[36mtrue?[0m) ?[32m?[1m??[0m
?[32m?[1m??[0m                                                                                   ?[32m?[1m??[0m
?[32m?[1m??[0m More information at ?[36mhttps://cucumber.io/docs/cucumber/environment-variables/?[0m      ?[32m?[1m??[0m
?[32m?[1m??[0m                                                                                   ?[32m?[1m??[0m
?[32m?[1m??[0m Disable this message with one of the following:                                   ?[32m?[1m??[0m
?[32m?[1m??[0m                                                                                   ?[32m?[1m??[0m
?[32m?[1m??[0m src/test/resources/cucumber.properties:          ?[36mcucumber.publish.quiet?[0m=?[36mtrue?[0m      ?[32m?[1m??[0m
?[32m?[1m??[0m src/test/resources/junit-platform.properties:    ?[36mcucumber.publish.quiet?[0m=?[36mtrue?[0m      ?[32m?[1m??[0m
?[32m?[1m??????????????????????????????????????????????????????????????????????????????????????[0m
]]></system-err>
</testsuite>
